<?xml version="1.0" encoding="UTF-8"?>
<!-- Generated by org.testng.reporters.JUnitReportReporter -->
<testsuite hostname="DESKTOP-032BQ8K" failures="0" tests="1" name="com.mystore.testcases.javaScriptClickTest" time="50.150" errors="0" timestamp="2022-09-23T19:28:05 IST" skipped="0">
  <testcase classname="com.mystore.testcases.javaScriptClickTest" name="loadConfig" time="50.150"/>
  <system-out/>
</testsuite> <!-- com.mystore.testcases.javaScriptClickTest -->
