<?xml version="1.0" encoding="UTF-8"?>
<!-- Generated by org.testng.reporters.JUnitReportReporter -->
<testsuite hostname="DESKTOP-032BQ8K" failures="0" tests="1" name="com.mystore.testcases.EndToEndTest" time="83.497" errors="0" timestamp="2022-09-24T00:33:13 IST" skipped="0">
  <testcase classname="com.mystore.testcases.EndToEndTest" name="endToEndTest" time="83.497"/>
  <system-out/>
</testsuite> <!-- com.mystore.testcases.EndToEndTest -->
