<?xml version="1.0" encoding="UTF-8"?>
<!-- Generated by org.testng.reporters.JUnitReportReporter -->
<testsuite hostname="DESKTOP-032BQ8K" failures="0" tests="1" name="com.mystore.testcases.EndToEndTest" time="364.595" errors="0" timestamp="2022-09-25T22:29:05 IST" skipped="0">
  <testcase classname="com.mystore.testcases.EndToEndTest" name="endToEndTest" time="364.595"/>
  <system-out/>
</testsuite> <!-- com.mystore.testcases.EndToEndTest -->
