<?xml version="1.0" encoding="UTF-8"?>
<!-- Generated by org.testng.reporters.JUnitReportReporter -->
<testsuite hostname="DESKTOP-032BQ8K" failures="0" tests="2" name="com.mystore.testcases.IndexPageTest" time="23.706" errors="0" timestamp="2022-09-26T14:34:17 IST" skipped="1">
  <testcase classname="com.mystore.testcases.IndexPageTest" name="myStoreLogoTest" time="23.706"/>
  <system-out/>
  <testcase classname="com.mystore.testcases.IndexPageTest" name="myStoreTitle">
    <skipped/>
  </testcase> <!-- myStoreTitle -->
  <system-out/>
</testsuite> <!-- com.mystore.testcases.IndexPageTest -->
