<?xml version="1.0" encoding="UTF-8"?>
<!-- Generated by org.testng.reporters.JUnitReportReporter -->
<testsuite hostname="DESKTOP-032BQ8K" failures="0" tests="1" name="com.mystore.testcases.OrderPageTest" time="142.871" errors="0" timestamp="2022-09-23T23:56:43 IST" skipped="0">
  <testcase classname="com.mystore.testcases.OrderPageTest" name="priceTest" time="142.871"/>
  <system-out/>
</testsuite> <!-- com.mystore.testcases.OrderPageTest -->
