<?xml version="1.0" encoding="UTF-8"?>
<!-- Generated by org.testng.reporters.JUnitReportReporter -->
<testsuite hostname="DESKTOP-032BQ8K" failures="0" tests="1" name="com.mystore.testcases.AddToCartPageTest" time="38.100" errors="0" timestamp="2022-09-23T22:40:06 IST" skipped="0">
  <testcase classname="com.mystore.testcases.AddToCartPageTest" name="addToCartTest" time="38.100"/>
  <system-out/>
</testsuite> <!-- com.mystore.testcases.AddToCartPageTest -->
