<?xml version="1.0" encoding="UTF-8"?>
<!-- Generated by org.testng.reporters.JUnitReportReporter -->
<testsuite hostname="DESKTOP-032BQ8K" failures="0" tests="1" name="com.mystore.base.BaseClass" time="30.185" errors="0" timestamp="2022-09-22T14:59:18 IST" skipped="0">
  <testcase classname="com.mystore.base.BaseClass" name="loadConfig" time="30.185"/>
  <system-out/>
</testsuite> <!-- com.mystore.base.BaseClass -->
