<?xml version="1.0" encoding="UTF-8"?>
<!-- Generated by org.testng.reporters.JUnitReportReporter -->
<testsuite hostname="DESKTOP-032BQ8K" failures="0" tests="2" name="com.mystore.testcases.AccountCreationPageTest" time="44.040" errors="0" timestamp="2022-10-01T13:52:33 IST" skipped="1">
  <testcase classname="com.mystore.testcases.AccountCreationPageTest" name="creaatingAccountTestingWithDataProviderAndNewExcelLibrary" time="44.040"/>
  <system-out/>
  <testcase classname="com.mystore.testcases.AccountCreationPageTest" name="creaatingAccountTesting">
    <skipped/>
  </testcase> <!-- creaatingAccountTesting -->
  <system-out/>
</testsuite> <!-- com.mystore.testcases.AccountCreationPageTest -->
