<?xml version="1.0" encoding="UTF-8"?>
<!-- Generated by org.testng.reporters.JUnitReportReporter -->
<testsuite hostname="DESKTOP-032BQ8K" failures="0" tests="1" name="com.mystore.testcases.SearchResultPageTest" time="37.559" errors="0" timestamp="2022-09-23T22:23:40 IST" skipped="0">
  <testcase classname="com.mystore.testcases.SearchResultPageTest" name="productAvailabilityTest" time="37.559"/>
  <system-out/>
</testsuite> <!-- com.mystore.testcases.SearchResultPageTest -->
