<?xml version="1.0" encoding="UTF-8"?>
<!-- Generated by org.testng.reporters.JUnitReportReporter -->
<<<<<<< HEAD
<testsuite hostname="DESKTOP-032BQ8K" failures="0" tests="1" name="com.mystore.testcases.AccountCreationPageTest" time="131.735" errors="0" timestamp="2022-09-25T18:23:55 IST" skipped="0">
  <testcase classname="com.mystore.testcases.AccountCreationPageTest" name="createAccountTest" time="131.735"/>
=======
<testsuite hostname="DESKTOP-032BQ8K" failures="0" tests="1" name="com.mystore.testcases.AccountCreationPageTest" time="322.845" errors="0" timestamp="2022-09-25T22:29:05 IST" skipped="0">
  <testcase classname="com.mystore.testcases.AccountCreationPageTest" name="createAccountTest" time="322.845"/>
>>>>>>> branch_practise
  <system-out/>
</testsuite> <!-- com.mystore.testcases.AccountCreationPageTest -->
