<?xml version="1.0" encoding="UTF-8"?>
<!-- Generated by org.testng.reporters.JUnitReportReporter -->
<testsuite hostname="DESKTOP-032BQ8K" failures="0" tests="1" name="com.mystore.testcases.LoginPageTest" time="93.987" errors="0" timestamp="2022-09-25T18:23:55 IST" skipped="0">
  <testcase classname="com.mystore.testcases.LoginPageTest" name="loginTest" time="93.987"/>
  <system-out/>
</testsuite> <!-- com.mystore.testcases.LoginPageTest -->
