<?xml version="1.0" encoding="UTF-8"?>
<!-- Generated by org.testng.reporters.JUnitReportReporter -->
<testsuite hostname="DESKTOP-032BQ8K" failures="0" tests="2" name="com.mystore.testcases.HomePageTest" time="104.673" errors="0" timestamp="2022-09-22T20:28:23 IST" skipped="0">
  <testcase classname="com.mystore.testcases.HomePageTest" name="orderHistoryAndDetailsTest" time="52.725"/>
  <system-out/>
  <testcase classname="com.mystore.testcases.HomePageTest" name="wishListTest" time="51.948"/>
  <system-out/>
</testsuite> <!-- com.mystore.testcases.HomePageTest -->
