<?xml version="1.0" encoding="UTF-8"?>
<!-- Generated by org.testng.reporters.JUnitReportReporter -->
<testsuite hostname="DESKTOP-032BQ8K" failures="0" tests="1" name="com.mystore.testcases.HomePageTest" time="39.039" errors="0" timestamp="2022-09-25T22:32:12 IST" skipped="0">
  <testcase classname="com.mystore.testcases.HomePageTest" name="orderHistoryAndDetailsTest" time="39.039"/>
  <system-out/>
</testsuite> <!-- com.mystore.testcases.HomePageTest -->
