<?xml version="1.0" encoding="UTF-8"?>
<!-- Generated by org.testng.reporters.JUnitReportReporter -->
<<<<<<< HEAD
<testsuite hostname="DESKTOP-032BQ8K" failures="0" tests="2" name="com.mystore.testcases.IndexPageTest" time="112.308" errors="0" timestamp="2022-09-25T18:23:55 IST" skipped="0">
  <testcase classname="com.mystore.testcases.IndexPageTest" name="myStoreLogoTest" time="54.688"/>
  <system-out/>
  <testcase classname="com.mystore.testcases.IndexPageTest" name="myStoreTitle" time="57.620"/>
=======
<testsuite hostname="DESKTOP-032BQ8K" failures="0" tests="2" name="com.mystore.testcases.IndexPageTest" time="198.576" errors="0" timestamp="2022-09-25T22:29:05 IST" skipped="1">
  <testcase classname="com.mystore.testcases.IndexPageTest" name="myStoreLogoTest" time="198.576"/>
  <system-out/>
  <testcase classname="com.mystore.testcases.IndexPageTest" name="myStoreTitle">
    <skipped/>
  </testcase> <!-- myStoreTitle -->
>>>>>>> branch_practise
  <system-out/>
</testsuite> <!-- com.mystore.testcases.IndexPageTest -->
