<?xml version="1.0" encoding="UTF-8"?>
<!-- Generated by org.testng.reporters.JUnitReportReporter -->
<testsuite hostname="DESKTOP-032BQ8K" failures="0" tests="2" name="com.mystore.testcases.HomePageTest" time="222.946" errors="0" timestamp="2022-09-25T18:23:55 IST" skipped="0">
  <testcase classname="com.mystore.testcases.HomePageTest" name="wishListTest" time="132.438"/>
  <system-out/>
  <testcase classname="com.mystore.testcases.HomePageTest" name="orderHistoryAndDetailsTest" time="90.508"/>
  <system-out/>
</testsuite> <!-- com.mystore.testcases.HomePageTest -->
