<?xml version="1.0" encoding="UTF-8"?>
<!-- Generated by org.testng.reporters.JUnitReportReporter -->
<testsuite hostname="DESKTOP-032BQ8K" failures="0" tests="2" name="com.mystore.testcases.IndexPageTest" time="77.478" errors="0" timestamp="2022-09-22T19:42:17 IST" skipped="0">
  <testcase classname="com.mystore.testcases.IndexPageTest" name="myStoreLogoTest" time="39.795"/>
  <system-out/>
  <testcase classname="com.mystore.testcases.IndexPageTest" name="myStoreTitle" time="37.683"/>
  <system-out/>
</testsuite> <!-- com.mystore.testcases.IndexPageTest -->
