<?xml version="1.0" encoding="UTF-8"?>
<!-- Generated by org.testng.reporters.JUnitReportReporter -->
<testsuite hostname="DESKTOP-032BQ8K" failures="0" tests="3" name="com.mystore.testcases.AccountCreationPageTest" time="37.561" errors="0" timestamp="2022-09-30T20:42:48 IST" skipped="2">
  <testcase classname="com.mystore.testcases.AccountCreationPageTest" name="createAccountTestHM" time="37.561"/>
  <system-out/>
  <testcase classname="com.mystore.testcases.AccountCreationPageTest" name="creaatingAccountTestingDp">
    <skipped/>
  </testcase> <!-- creaatingAccountTestingDp -->
  <system-out/>
  <testcase classname="com.mystore.testcases.AccountCreationPageTest" name="creaatingAccountTesting">
    <skipped/>
  </testcase> <!-- creaatingAccountTesting -->
  <system-out/>
</testsuite> <!-- com.mystore.testcases.AccountCreationPageTest -->
