<?xml version="1.0" encoding="UTF-8"?>
<!-- Generated by org.testng.reporters.JUnitReportReporter -->
<testsuite hostname="DESKTOP-032BQ8K" failures="0" tests="1" name="com.mystore.testcases.AddToCartPageTest" time="46.339" errors="0" timestamp="2022-09-25T18:25:46 IST" skipped="0">
  <testcase classname="com.mystore.testcases.AddToCartPageTest" name="addToCartTest" time="46.339"/>
  <system-out/>
</testsuite> <!-- com.mystore.testcases.AddToCartPageTest -->
